<?xml version="1.0" encoding="UTF-8"?>
<!-- Generated by org.testng.reporters.JUnitReportReporter -->
<testsuite hostname="DDC2-L-33244GF" failures="0" tests="4" name="Webtesting.InstagramPage" time="52.771" errors="0" timestamp="16 Jan 2024 09:43:23 GMT" skipped="3">
  <testcase classname="Webtesting.InstagramPage" name="Instagramfunctionality" time="52.771"/>
  <testcase classname="Webtesting.InstagramPage" name="Instagramfunctionalitydelete">
    <skipped/>
  </testcase> <!-- Instagramfunctionalitydelete -->
  <testcase classname="Webtesting.InstagramPage" name="Instagramfunctionalityupload">
    <skipped/>
  </testcase> <!-- Instagramfunctionalityupload -->
  <testcase classname="Webtesting.InstagramPage" name="Instagramfunctionalitysearch">
    <skipped/>
  </testcase> <!-- Instagramfunctionalitysearch -->
</testsuite> <!-- Webtesting.InstagramPage -->
