<?xml version="1.0" encoding="UTF-8"?>
<!-- Generated by org.testng.reporters.JUnitReportReporter -->
<testsuite hostname="DDC2-L-33244GF" failures="0" tests="2" name="main.java.Tests.Testcases.InstagramPage" time="52.340" errors="0" timestamp="15 Jan 2024 13:40:33 GMT" skipped="1">
  <testcase classname="main.java.Tests.Testcases.InstagramPage" name="Instagramfunctionalitydelete" time="52.340"/>
  <testcase classname="main.java.Tests.Testcases.InstagramPage" name="Instagramfunctionality">
    <skipped/>
  </testcase> <!-- Instagramfunctionality -->
</testsuite> <!-- main.java.Tests.Testcases.InstagramPage -->
