<?xml version="1.0" encoding="UTF-8"?>
<!-- Generated by org.testng.reporters.JUnitReportReporter -->
<testsuite hostname="DDC2-L-33244GF" failures="0" tests="1" name="Appium.BaseClass" time="0.010" errors="0" timestamp="16 Jan 2024 08:55:46 GMT" skipped="0">
  <testcase classname="Appium.BaseClass" name="sampleTest" time="0.010"/>
</testsuite> <!-- Appium.BaseClass -->
